<?xml version="1.0" encoding="UTF-8"?>
<testsuite name="AppTest" tests="1" skipped="0" failures="0" errors="0" timestamp="2021-08-24T13:02:08" hostname="LTUCSTUDENT-L13" time="0.032">
  <properties/>
  <testcase name="testDepthFirstTraverse()" classname="AppTest" time="0.032"/>
  <system-out><![CDATA[]]></system-out>
  <system-err><![CDATA[]]></system-err>
</testsuite>
