<?xml version="1.0" encoding="UTF-8"?>
<testsuite name="AppTest" tests="1" skipped="0" failures="0" errors="0" timestamp="2021-08-21T18:37:17" hostname="LTUCSTUDENT-L13" time="0.039">
  <properties/>
  <testcase name="oneNodeOneEdge()" classname="AppTest" time="0.039"/>
  <system-out><![CDATA[[Vertex{label='Mahmoud', weight=0}, Vertex{label='Mahmoud', weight=0}]
]]></system-out>
  <system-err><![CDATA[]]></system-err>
</testsuite>
