<?xml version="1.0" encoding="UTF-8"?>
<testsuite name="TreeIntersection" tests="3" skipped="0" failures="0" errors="0" timestamp="2021-08-17T08:13:59" hostname="LTUCSTUDENT-L13" time="0.037">
  <properties/>
  <testcase name="intersection()" classname="TreeIntersection" time="0.031"/>
  <testcase name="intersection2()" classname="TreeIntersection" time="0.001"/>
  <testcase name="intersection3()" classname="TreeIntersection" time="0.003"/>
  <system-out><![CDATA[]]></system-out>
  <system-err><![CDATA[]]></system-err>
</testsuite>
