<?xml version="1.0" encoding="UTF-8"?>
<testsuite name="repeatedWordTest" tests="2" skipped="0" failures="0" errors="0" timestamp="2021-08-15T15:03:12" hostname="LTUCSTUDENT-L13" time="0.036">
  <properties/>
  <testcase name="repeatedWord()" classname="repeatedWordTest" time="0.034"/>
  <testcase name="removeLastChar()" classname="repeatedWordTest" time="0.001"/>
  <system-out><![CDATA[]]></system-out>
  <system-err><![CDATA[]]></system-err>
</testsuite>
