<?xml version="1.0" encoding="UTF-8"?>
<testsuite name="linkedlist.LinkedListTest" tests="3" skipped="0" failures="0" errors="0" timestamp="2021-07-01T13:49:16" hostname="LTUCSTUDENT-L13" time="0.048">
  <properties/>
  <testcase name="test the first value in the LinkedList" classname="linkedlist.LinkedListTest" time="0.024"/>
  <testcase name="test the first value in the LinkedList" classname="linkedlist.LinkedListTest" time="0.02"/>
  <testcase name="test the insert and includes methods" classname="linkedlist.LinkedListTest" time="0.002"/>
  <system-out><![CDATA[{ 6 } -> { 44 } -> { 8 } -> { 3 } -> NULL]]></system-out>
  <system-err><![CDATA[]]></system-err>
</testsuite>
