<?xml version="1.0" encoding="UTF-8"?>
<testsuite name="linkedlist.LinkedListTest" tests="1" skipped="0" failures="0" errors="0" timestamp="2021-07-06T16:11:21" hostname="LTUCSTUDENT-L13" time="0.038">
  <properties/>
  <testcase name="zipListsTest()" classname="linkedlist.LinkedListTest" time="0.038"/>
  <system-out><![CDATA[{ 3 } -> { 32 } -> { 8 } -> { 82 } -> { 44 } -> { 6 } -> NULL]]></system-out>
  <system-err><![CDATA[]]></system-err>
</testsuite>
