<?xml version="1.0" encoding="UTF-8"?>
<testsuite name="linkedlist.LinkedListTest" tests="1" skipped="0" failures="0" errors="0" timestamp="2021-07-05T15:41:19" hostname="LTUCSTUDENT-L13" time="0.033">
  <properties/>
  <testcase name="kInBetweenList()" classname="linkedlist.LinkedListTest" time="0.033"/>
  <system-out><![CDATA[]]></system-out>
  <system-err><![CDATA[]]></system-err>
</testsuite>
